-------------------------------------------------------------------------------
Test set: com.testing.class11.LoginSampleTest
-------------------------------------------------------------------------------
Tests run: 3, Failures: 1, Errors: 0, Skipped: 0, Time elapsed: 0.082 sec <<< FAILURE! - in com.testing.class11.LoginSampleTest
login(com.testing.class11.LoginSampleTest)  Time elapsed: 0.075 sec  <<< FAILURE!
org.junit.ComparisonFailure: expected:<恭喜您，登录成[]> but was:<恭喜您，登录成[功]>
	at com.testing.class11.LoginSampleTest.login(LoginSampleTest.java:39)

