<?xml version="1.0" encoding="UTF-8"?>
<testsuite xmlns:xsi="http://www.w3.org/2001/XMLSchema-instance" xsi:schemaLocation="https://maven.apache.org/surefire/maven-surefire-plugin/xsd/surefire-test-report.xsd" name="com.testing.class11.LoginSampleTest" time="0.082" tests="3" errors="0" skipped="0" failures="1">
  <properties>
[...]
</properties>
  <testcase name="login" classname="com.testing.class11.LoginSampleTest" time="0.075">
    <failure message="expected:&lt;恭喜您，登录成[]&gt; but was:&lt;恭喜您，登录成[功]&gt;" type="org.junit.ComparisonFailure"><![CDATA[org.junit.ComparisonFailure: expected:<恭喜您，登录成[]> but was:<恭喜您，登录成[功]>
	at com.testing.class11.LoginSampleTest.login(LoginSampleTest.java:39)
]]></failure>
    <system-out><![CDATA[-------------------------测试类开始执行前执行的方法-------------------------
**********每个测试方法执行前执行的方法***********
**********测试方法完成后执行的方法***********
]]></system-out>
  </testcase>
  <testcase name="errorLogin" classname="com.testing.class11.LoginSampleTest" time="0.001"/>
  <testcase name="loginMsg" classname="com.testing.class11.LoginSampleTest" time="0.005"/>
</testsuite>